This file contains any messages produced by compilers while
running configure, to aid debugging if configure makes a mistake.

It was created by hashrf configure 6.0.0, which was
generated by GNU Autoconf 2.69.  Invocation command line was

  $ ./configure 

## --------- ##
## Platform. ##
## --------- ##

hostname = reza-ET2220I
uname -m = x86_64
uname -r = 4.4.0-42-generic
uname -s = Linux
uname -v = #62~14.04.1-Ubuntu SMP Fri Oct 7 23:15:48 UTC 2016

/usr/bin/uname -p = unknown
/bin/uname -X     = unknown

/bin/arch              = unknown
/usr/bin/arch -k       = unknown
/usr/convex/getsysinfo = unknown
/usr/bin/hostinfo      = unknown
/bin/machine           = unknown
/usr/bin/oslevel       = unknown
/bin/universe          = unknown

PATH: /home/reza/anaconda_ete/bin/
PATH: /usr/local/heroku/bin
PATH: /home/reza/.rvm/gems/ruby-2.3.0/bin
PATH: /home/reza/.rvm/gems/ruby-2.3.0@global/bin
PATH: /home/reza/.rvm/rubies/ruby-2.3.0/bin
PATH: /home/reza/bin
PATH: /usr/local/sbin
PATH: /usr/local/bin
PATH: /usr/sbin
PATH: /usr/bin
PATH: /sbin
PATH: /bin
PATH: /usr/games
PATH: /usr/local/games
PATH: /home/reza/.rvm/bin
PATH: /home/reza/.rvm/bin


## ----------- ##
## Core tests. ##
## ----------- ##

configure:2187: checking for a BSD-compatible install
configure:2255: result: /usr/bin/install -c
configure:2266: checking whether build environment is sane
configure:2303: result: yes
configure:2324: WARNING: `missing' script is too old or missing
configure:2328: checking for a thread-safe mkdir -p
configure:2367: result: /bin/mkdir -p
configure:2380: checking for gawk
configure:2396: found /usr/bin/gawk
configure:2407: result: gawk
configure:2418: checking whether make sets $(MAKE)
configure:2440: result: yes
configure:2684: checking for g++
configure:2700: found /home/reza/anaconda_ete/bin//g++
configure:2711: result: g++
configure:2738: checking for C++ compiler version
configure:2747: g++ --version >&5
g++ (GCC) 4.8.5
Copyright (C) 2015 Free Software Foundation, Inc.
This is free software; see the source for copying conditions.  There is NO
warranty; not even for MERCHANTABILITY or FITNESS FOR A PARTICULAR PURPOSE.

configure:2758: $? = 0
configure:2747: g++ -v >&5
Reading specs from /home/reza/anaconda_ete/lib/gcc/x86_64-unknown-linux-gnu/4.8.5/specs
COLLECT_GCC=g++
COLLECT_LTO_WRAPPER=/home/reza/anaconda_ete/gcc/libexec/gcc/x86_64-unknown-linux-gnu/4.8.5/lto-wrapper
Target: x86_64-unknown-linux-gnu
Configured with: ./configure --prefix=/home/reza/anaconda_ete/gcc --with-gxx-include-dir=/home/reza/anaconda_ete/gcc/include/c++ --bindir=/home/reza/anaconda_ete/bin --datarootdir=/home/reza/anaconda_ete/share --libdir=/home/reza/anaconda_ete/lib --with-gmp=/home/reza/anaconda_ete --with-mpfr=/home/reza/anaconda_ete --with-mpc=/home/reza/anaconda_ete --with-isl=/home/reza/anaconda_ete --with-cloog=/home/reza/anaconda_ete --enable-checking=release --with-tune=generic --disable-multilib
Thread model: posix
gcc version 4.8.5 (GCC) 
configure:2758: $? = 0
configure:2747: g++ -V >&5
g++: error: unrecognized command line option '-V'
g++: fatal error: no input files
compilation terminated.
configure:2758: $? = 1
configure:2747: g++ -qversion >&5
g++: error: unrecognized command line option '-qversion'
g++: fatal error: no input files
compilation terminated.
configure:2758: $? = 1
configure:2778: checking whether the C++ compiler works
configure:2800: g++    conftest.cpp  >&5
configure:2804: $? = 0
configure:2852: result: yes
configure:2855: checking for C++ compiler default output file name
configure:2857: result: a.out
configure:2863: checking for suffix of executables
configure:2870: g++ -o conftest    conftest.cpp  >&5
configure:2874: $? = 0
configure:2896: result: 
configure:2918: checking whether we are cross compiling
configure:2926: g++ -o conftest    conftest.cpp  >&5
configure:2930: $? = 0
configure:2937: ./conftest
configure:2941: $? = 0
configure:2956: result: no
configure:2961: checking for suffix of object files
configure:2983: g++ -c   conftest.cpp >&5
configure:2987: $? = 0
configure:3008: result: o
configure:3012: checking whether we are using the GNU C++ compiler
configure:3031: g++ -c   conftest.cpp >&5
configure:3031: $? = 0
configure:3040: result: yes
configure:3049: checking whether g++ accepts -g
configure:3069: g++ -c -g  conftest.cpp >&5
configure:3069: $? = 0
configure:3110: result: yes
configure:3144: checking for style of include used by make
configure:3172: result: GNU
configure:3197: checking dependency style of g++
configure:3288: result: gcc3
configure:3357: checking for gcc
configure:3373: found /home/reza/anaconda_ete/bin//gcc
configure:3384: result: gcc
configure:3613: checking for C compiler version
configure:3622: gcc --version >&5
gcc (GCC) 4.8.5
Copyright (C) 2015 Free Software Foundation, Inc.
This is free software; see the source for copying conditions.  There is NO
warranty; not even for MERCHANTABILITY or FITNESS FOR A PARTICULAR PURPOSE.

configure:3633: $? = 0
configure:3622: gcc -v >&5
Reading specs from /home/reza/anaconda_ete/lib/gcc/x86_64-unknown-linux-gnu/4.8.5/specs
COLLECT_GCC=gcc
COLLECT_LTO_WRAPPER=/home/reza/anaconda_ete/gcc/libexec/gcc/x86_64-unknown-linux-gnu/4.8.5/lto-wrapper
Target: x86_64-unknown-linux-gnu
Configured with: ./configure --prefix=/home/reza/anaconda_ete/gcc --with-gxx-include-dir=/home/reza/anaconda_ete/gcc/include/c++ --bindir=/home/reza/anaconda_ete/bin --datarootdir=/home/reza/anaconda_ete/share --libdir=/home/reza/anaconda_ete/lib --with-gmp=/home/reza/anaconda_ete --with-mpfr=/home/reza/anaconda_ete --with-mpc=/home/reza/anaconda_ete --with-isl=/home/reza/anaconda_ete --with-cloog=/home/reza/anaconda_ete --enable-checking=release --with-tune=generic --disable-multilib
Thread model: posix
gcc version 4.8.5 (GCC) 
configure:3633: $? = 0
configure:3622: gcc -V >&5
gcc: error: unrecognized command line option '-V'
gcc: fatal error: no input files
compilation terminated.
configure:3633: $? = 1
configure:3622: gcc -qversion >&5
gcc: error: unrecognized command line option '-qversion'
gcc: fatal error: no input files
compilation terminated.
configure:3633: $? = 1
configure:3637: checking whether we are using the GNU C compiler
configure:3656: gcc -c   conftest.c >&5
configure:3656: $? = 0
configure:3665: result: yes
configure:3674: checking whether gcc accepts -g
configure:3694: gcc -c -g  conftest.c >&5
configure:3694: $? = 0
configure:3735: result: yes
configure:3752: checking for gcc option to accept ISO C89
configure:3815: gcc  -c -g -O2  conftest.c >&5
configure:3815: $? = 0
configure:3828: result: none needed
configure:3850: checking dependency style of gcc
configure:3941: result: gcc3
configure:3960: checking for dirent.h that defines DIR
configure:3979: gcc -c -g -O2  conftest.c >&5
configure:3979: $? = 0
configure:3987: result: yes
configure:4000: checking for library containing opendir
configure:4031: gcc -o conftest -g -O2   conftest.c  >&5
configure:4031: $? = 0
configure:4048: result: none required
configure:4122: checking how to run the C preprocessor
configure:4153: gcc -E  conftest.c
configure:4153: $? = 0
configure:4167: gcc -E  conftest.c
conftest.c:12:28: fatal error: ac_nonexistent.h: No such file or directory
 #include <ac_nonexistent.h>
                            ^
compilation terminated.
configure:4167: $? = 1
configure: failed program was:
| /* confdefs.h */
| #define PACKAGE_NAME "hashrf"
| #define PACKAGE_TARNAME "hashrf"
| #define PACKAGE_VERSION "6.0.0"
| #define PACKAGE_STRING "hashrf 6.0.0"
| #define PACKAGE_BUGREPORT "sulsj@cse.tamu.edu"
| #define PACKAGE_URL ""
| #define PACKAGE "hashrf"
| #define VERSION "6.0.0"
| #define HAVE_DIRENT_H 1
| /* end confdefs.h.  */
| #include <ac_nonexistent.h>
configure:4192: result: gcc -E
configure:4212: gcc -E  conftest.c
configure:4212: $? = 0
configure:4226: gcc -E  conftest.c
conftest.c:12:28: fatal error: ac_nonexistent.h: No such file or directory
 #include <ac_nonexistent.h>
                            ^
compilation terminated.
configure:4226: $? = 1
configure: failed program was:
| /* confdefs.h */
| #define PACKAGE_NAME "hashrf"
| #define PACKAGE_TARNAME "hashrf"
| #define PACKAGE_VERSION "6.0.0"
| #define PACKAGE_STRING "hashrf 6.0.0"
| #define PACKAGE_BUGREPORT "sulsj@cse.tamu.edu"
| #define PACKAGE_URL ""
| #define PACKAGE "hashrf"
| #define VERSION "6.0.0"
| #define HAVE_DIRENT_H 1
| /* end confdefs.h.  */
| #include <ac_nonexistent.h>
configure:4255: checking for grep that handles long lines and -e
configure:4313: result: /bin/grep
configure:4318: checking for egrep
configure:4380: result: /bin/grep -E
configure:4385: checking for uid_t in sys/types.h
configure:4404: result: yes
configure:4415: checking for ANSI C header files
configure:4435: gcc -c -g -O2  conftest.c >&5
configure:4435: $? = 0
configure:4508: gcc -o conftest -g -O2   conftest.c  >&5
configure:4508: $? = 0
configure:4508: ./conftest
configure:4508: $? = 0
configure:4519: result: yes
configure:4532: checking for sys/types.h
configure:4532: gcc -c -g -O2  conftest.c >&5
configure:4532: $? = 0
configure:4532: result: yes
configure:4532: checking for sys/stat.h
configure:4532: gcc -c -g -O2  conftest.c >&5
configure:4532: $? = 0
configure:4532: result: yes
configure:4532: checking for stdlib.h
configure:4532: gcc -c -g -O2  conftest.c >&5
configure:4532: $? = 0
configure:4532: result: yes
configure:4532: checking for string.h
configure:4532: gcc -c -g -O2  conftest.c >&5
configure:4532: $? = 0
configure:4532: result: yes
configure:4532: checking for memory.h
configure:4532: gcc -c -g -O2  conftest.c >&5
configure:4532: $? = 0
configure:4532: result: yes
configure:4532: checking for strings.h
configure:4532: gcc -c -g -O2  conftest.c >&5
configure:4532: $? = 0
configure:4532: result: yes
configure:4532: checking for inttypes.h
configure:4532: gcc -c -g -O2  conftest.c >&5
configure:4532: $? = 0
configure:4532: result: yes
configure:4532: checking for stdint.h
configure:4532: gcc -c -g -O2  conftest.c >&5
configure:4532: $? = 0
configure:4532: result: yes
configure:4532: checking for unistd.h
configure:4532: gcc -c -g -O2  conftest.c >&5
configure:4532: $? = 0
configure:4532: result: yes
configure:4544: checking for pid_t
configure:4544: gcc -c -g -O2  conftest.c >&5
configure:4544: $? = 0
configure:4544: gcc -c -g -O2  conftest.c >&5
conftest.c: In function 'main':
conftest.c:58:20: error: expected expression before ')' token
 if (sizeof ((pid_t)))
                    ^
configure:4544: $? = 1
configure: failed program was:
| /* confdefs.h */
| #define PACKAGE_NAME "hashrf"
| #define PACKAGE_TARNAME "hashrf"
| #define PACKAGE_VERSION "6.0.0"
| #define PACKAGE_STRING "hashrf 6.0.0"
| #define PACKAGE_BUGREPORT "sulsj@cse.tamu.edu"
| #define PACKAGE_URL ""
| #define PACKAGE "hashrf"
| #define VERSION "6.0.0"
| #define HAVE_DIRENT_H 1
| #define STDC_HEADERS 1
| #define HAVE_SYS_TYPES_H 1
| #define HAVE_SYS_STAT_H 1
| #define HAVE_STDLIB_H 1
| #define HAVE_STRING_H 1
| #define HAVE_MEMORY_H 1
| #define HAVE_STRINGS_H 1
| #define HAVE_INTTYPES_H 1
| #define HAVE_STDINT_H 1
| #define HAVE_UNISTD_H 1
| /* end confdefs.h.  */
| #include <stdio.h>
| #ifdef HAVE_SYS_TYPES_H
| # include <sys/types.h>
| #endif
| #ifdef HAVE_SYS_STAT_H
| # include <sys/stat.h>
| #endif
| #ifdef STDC_HEADERS
| # include <stdlib.h>
| # include <stddef.h>
| #else
| # ifdef HAVE_STDLIB_H
| #  include <stdlib.h>
| # endif
| #endif
| #ifdef HAVE_STRING_H
| # if !defined STDC_HEADERS && defined HAVE_MEMORY_H
| #  include <memory.h>
| # endif
| # include <string.h>
| #endif
| #ifdef HAVE_STRINGS_H
| # include <strings.h>
| #endif
| #ifdef HAVE_INTTYPES_H
| # include <inttypes.h>
| #endif
| #ifdef HAVE_STDINT_H
| # include <stdint.h>
| #endif
| #ifdef HAVE_UNISTD_H
| # include <unistd.h>
| #endif
| int
| main ()
| {
| if (sizeof ((pid_t)))
| 	    return 0;
|   ;
|   return 0;
| }
configure:4544: result: yes
configure:4557: checking for ANSI C header files
configure:4661: result: yes
configure:4671: checking for strcpy
configure:4671: gcc -o conftest -g -O2   conftest.c  >&5
conftest.c:46:6: warning: conflicting types for built-in function 'strcpy' [enabled by default]
 char strcpy ();
      ^
configure:4671: $? = 0
configure:4671: result: yes
configure:4810: creating ./config.status

## ---------------------- ##
## Running config.status. ##
## ---------------------- ##

This file was extended by hashrf config.status 6.0.0, which was
generated by GNU Autoconf 2.69.  Invocation command line was

  CONFIG_FILES    = 
  CONFIG_HEADERS  = 
  CONFIG_LINKS    = 
  CONFIG_COMMANDS = 
  $ ./config.status 

on reza-ET2220I

config.status:854: creating Makefile
config.status:854: creating config.h
config.status:1035: config.h is unchanged
config.status:1083: executing depfiles commands

## ---------------- ##
## Cache variables. ##
## ---------------- ##

ac_cv_c_compiler_gnu=yes
ac_cv_cxx_compiler_gnu=yes
ac_cv_env_CCC_set=
ac_cv_env_CCC_value=
ac_cv_env_CC_set=
ac_cv_env_CC_value=
ac_cv_env_CFLAGS_set=
ac_cv_env_CFLAGS_value=
ac_cv_env_CPPFLAGS_set=
ac_cv_env_CPPFLAGS_value=
ac_cv_env_CPP_set=
ac_cv_env_CPP_value=
ac_cv_env_CXXFLAGS_set=
ac_cv_env_CXXFLAGS_value=
ac_cv_env_CXX_set=
ac_cv_env_CXX_value=
ac_cv_env_LDFLAGS_set=
ac_cv_env_LDFLAGS_value=
ac_cv_env_LIBS_set=
ac_cv_env_LIBS_value=
ac_cv_env_build_alias_set=
ac_cv_env_build_alias_value=
ac_cv_env_host_alias_set=
ac_cv_env_host_alias_value=
ac_cv_env_target_alias_set=
ac_cv_env_target_alias_value=
ac_cv_func_strcpy=yes
ac_cv_header_dirent_dirent_h=yes
ac_cv_header_inttypes_h=yes
ac_cv_header_memory_h=yes
ac_cv_header_stdc=yes
ac_cv_header_stdint_h=yes
ac_cv_header_stdlib_h=yes
ac_cv_header_string_h=yes
ac_cv_header_strings_h=yes
ac_cv_header_sys_stat_h=yes
ac_cv_header_sys_types_h=yes
ac_cv_header_unistd_h=yes
ac_cv_objext=o
ac_cv_path_EGREP='/bin/grep -E'
ac_cv_path_GREP=/bin/grep
ac_cv_path_install='/usr/bin/install -c'
ac_cv_path_mkdir=/bin/mkdir
ac_cv_prog_AWK=gawk
ac_cv_prog_CPP='gcc -E'
ac_cv_prog_ac_ct_CC=gcc
ac_cv_prog_ac_ct_CXX=g++
ac_cv_prog_cc_c89=
ac_cv_prog_cc_g=yes
ac_cv_prog_cxx_g=yes
ac_cv_prog_make_make_set=yes
ac_cv_search_opendir='none required'
ac_cv_type_pid_t=yes
ac_cv_type_uid_t=yes
am_cv_CC_dependencies_compiler_type=gcc3
am_cv_CXX_dependencies_compiler_type=gcc3

## ----------------- ##
## Output variables. ##
## ----------------- ##

ACLOCAL='aclocal-1.10'
AMDEPBACKSLASH='\'
AMDEP_FALSE='#'
AMDEP_TRUE=''
AMTAR='tar'
AUTOCONF='autoconf'
AUTOHEADER='autoheader'
AUTOMAKE='automake-1.10'
AWK='gawk'
CC='gcc'
CCDEPMODE='depmode=gcc3'
CFLAGS='-g -O2'
CPP='gcc -E'
CPPFLAGS=''
CXX='g++'
CXXDEPMODE='depmode=gcc3'
CXXFLAGS='-g -O2'
CYGPATH_W='echo'
DEFS='-DHAVE_CONFIG_H'
DEPDIR='.deps'
ECHO_C=''
ECHO_N='-n'
ECHO_T=''
EGREP='/bin/grep -E'
EXEEXT=''
GREP='/bin/grep'
INSTALL_DATA='${INSTALL} -m 644'
INSTALL_PROGRAM='${INSTALL}'
INSTALL_SCRIPT='${INSTALL}'
INSTALL_STRIP_PROGRAM='$(install_sh) -c -s'
LDFLAGS=''
LIBOBJS=''
LIBS=''
LTLIBOBJS=''
MAKEINFO='makeinfo'
MKDIR_P='/bin/mkdir -p'
OBJEXT='o'
PACKAGE='hashrf'
PACKAGE_BUGREPORT='sulsj@cse.tamu.edu'
PACKAGE_NAME='hashrf'
PACKAGE_STRING='hashrf 6.0.0'
PACKAGE_TARNAME='hashrf'
PACKAGE_URL=''
PACKAGE_VERSION='6.0.0'
PATH_SEPARATOR=':'
SET_MAKE=''
SHELL='/bin/bash'
STRIP=''
VERSION='6.0.0'
ac_ct_CC='gcc'
ac_ct_CXX='g++'
am__fastdepCC_FALSE='#'
am__fastdepCC_TRUE=''
am__fastdepCXX_FALSE='#'
am__fastdepCXX_TRUE=''
am__include='include'
am__isrc=''
am__leading_dot='.'
am__quote=''
am__tar='${AMTAR} chof - "$$tardir"'
am__untar='${AMTAR} xf -'
bindir='${exec_prefix}/bin'
build_alias=''
datadir='${datarootdir}'
datarootdir='${prefix}/share'
docdir='${datarootdir}/doc/${PACKAGE_TARNAME}'
dvidir='${docdir}'
exec_prefix='${prefix}'
host_alias=''
htmldir='${docdir}'
includedir='${prefix}/include'
infodir='${datarootdir}/info'
install_sh='$(SHELL) /home/reza/Dropbox/Texas AM/Ubuntu_Programs/supertree_software/hashrf_reza_version/weighted_RF_supertree/install-sh'
libdir='${exec_prefix}/lib'
libexecdir='${exec_prefix}/libexec'
localedir='${datarootdir}/locale'
localstatedir='${prefix}/var'
mandir='${datarootdir}/man'
mkdir_p='/bin/mkdir -p'
oldincludedir='/usr/include'
pdfdir='${docdir}'
prefix='/usr/local'
program_transform_name='s,x,x,'
psdir='${docdir}'
sbindir='${exec_prefix}/sbin'
sharedstatedir='${prefix}/com'
sysconfdir='${prefix}/etc'
target_alias=''

## ----------- ##
## confdefs.h. ##
## ----------- ##

/* confdefs.h */
#define PACKAGE_NAME "hashrf"
#define PACKAGE_TARNAME "hashrf"
#define PACKAGE_VERSION "6.0.0"
#define PACKAGE_STRING "hashrf 6.0.0"
#define PACKAGE_BUGREPORT "sulsj@cse.tamu.edu"
#define PACKAGE_URL ""
#define PACKAGE "hashrf"
#define VERSION "6.0.0"
#define HAVE_DIRENT_H 1
#define STDC_HEADERS 1
#define HAVE_SYS_TYPES_H 1
#define HAVE_SYS_STAT_H 1
#define HAVE_STDLIB_H 1
#define HAVE_STRING_H 1
#define HAVE_MEMORY_H 1
#define HAVE_STRINGS_H 1
#define HAVE_INTTYPES_H 1
#define HAVE_STDINT_H 1
#define HAVE_UNISTD_H 1
#define STDC_HEADERS 1
#define HAVE_STRCPY 1

configure: exit 0
